<?xml version="1.0" encoding="UTF-8"?>
<beans xmlns="http://www.springframework.org/schema/beans" xmlns:xsi="http://www.w3.org/2001/XMLSchema-instance"
    xmlns:context="http://www.springframework.org/schema/context" xmlns:aop="http://www.springframework.org/schema/aop"
    xmlns:tx="http://www.springframework.org/schema/tx"
    xsi:schemaLocation="http://www.springframework.org/schema/beans 
           http://www.springframework.org/schema/beans/spring-beans-3.0.xsd
           http://www.springframework.org/schema/tx 
           http://www.springframework.org/schema/tx/spring-tx-3.0.xsd
           http://www.springframework.org/schema/aop 
     	   http://www.springframework.org/schema/aop/spring-aop-3.0.xsd
           http://www.springframework.org/schema/context
           http://www.springframework.org/schema/context/spring-context-3.0.xsd">

    <bean class="org.springframework.beans.factory.config.PropertyPlaceholderConfigurer">
        <property name="locations">
            <list>
                <value>classpath:database.properties</value>
                <value>file:${user.home}/aspiredb.properties
                </value>
            </list>
        </property>
    </bean>

    <bean id="dataSource" class="org.springframework.jdbc.datasource.DriverManagerDataSource">
        <property name="driverClassName" value="${test.jdbc.driverClassName}" />
        <property name="url" value="${test.jdbc.url}" />
        <property name="username" value="${test.jdbc.username}" />
        <property name="password" value="${test.jdbc.password}" />
    </bean>

    <!-- Hibernate session factory -->
    <bean id="sessionFactory" class="org.springframework.orm.hibernate3.annotation.AnnotationSessionFactoryBean">

        <property name="dataSource">
            <ref bean="dataSource" />
        </property>

        <property name="configLocation">
            <value>classpath:hibernate.cfg.xml</value>
        </property>

        <property name="mappingLocations">
         <list>
          <value>classpath:gemma/gsec/model/AclEntry.hbm.xml</value>
          <value>classpath:gemma/gsec/model/AclObjectIdentity.hbm.xml</value>
          <value>classpath:gemma/gsec/model/AclSid.hbm.xml</value>
         </list>
        </property>
          
        <property name="hibernateProperties">
            <props>
                <prop key="hibernate.dialect">${test.hibernate.dialect}
                </prop>
                <prop key="hibernate.show_sql">false</prop>
                <prop key="hibernate.cache.use_query_cache">true</prop>
                <prop key="hibernate.max_fetch_depth">4</prop>
                <prop key="hibernate.cache.use_second_level_cache">true</prop>
                <prop key="hibernate.cache.use_query_cache">true</prop>
            </props>
        </property>
        
        <property name="cacheRegionFactory">
            <ref bean="externalCacheRegionFactory" />
        </property>
    </bean>



</beans>