<?xml version="1.0" encoding="UTF-8"?>
<beans xmlns="http://www.springframework.org/schema/beans" xmlns:xsi="http://www.w3.org/2001/XMLSchema-instance"
       xsi:schemaLocation="http://www.springframework.org/schema/beans
           http://www.springframework.org/schema/beans/spring-beans-3.2.xsd">

    <bean class="org.springframework.beans.factory.config.PropertyPlaceholderConfigurer">
        <property name="locations">
            <list>
                <value>classpath:default.properties</value>
                <value>classpath:database.properties</value>
                <value>file:${user.home}/aspiredb.properties
                </value>
            </list>
        </property>
    </bean>

    <bean id="dataSource" class="org.apache.commons.dbcp2.BasicDataSource" destroy-method="close">
        <property name="driverClassName" value="${test.jdbc.driverClassName}"/>
        <property name="username" value="${test.jdbc.username}"/>
        <property name="password" value="${test.jdbc.password}"/>
        <property name="url" value="${test.jdbc.url}"/>
        <property name="maxTotal" value="20"/>
    </bean>

    <!-- Hibernate session factory -->
    <bean id="sessionFactory" class="org.springframework.orm.hibernate3.annotation.AnnotationSessionFactoryBean">

        <property name="dataSource" ref="dataSource"/>

        <property name="configLocation" value="classpath:hibernate.cfg.xml"/>

        <property name="mappingLocations">
            <list>
                <value>classpath:gemma/gsec/model/AclEntry.hbm.xml</value>
                <value>classpath:gemma/gsec/model/AclObjectIdentity.hbm.xml</value>
                <value>classpath:gemma/gsec/model/AclSid.hbm.xml</value>
            </list>
        </property>

        <property name="hibernateProperties">
            <props>
                <prop key="hibernate.dialect">${test.hibernate.dialect}
                </prop>
                <prop key="hibernate.show_sql">false</prop>
                <prop key="hibernate.max_fetch_depth">4</prop>
                <prop key="hibernate.cache.use_second_level_cache">true</prop>
                <prop key="hibernate.cache.use_query_cache">false</prop>
                <prop key="hibernate.generate_statistics">true</prop>
                <prop key="hibernate.cache.use_structured_entries">true</prop>
            </props>
        </property>

        <property name="cacheRegionFactory" ref="externalCacheRegionFactory"/>
    </bean>

    <bean id="mailSender" class="ubc.pavlab.aspiredb.server.DummyMailSender"/>

</beans>